<?xml version="1.0" encoding="UTF-8"?>
<!-- Generated by org.testng.reporters.JUnitReportReporter -->
<testsuite skipped="0" hostname="KULANDASAMYC" name="webstaff.TestCases.WebStaff_TCExecution" tests="77" failures="0" timestamp="26 Apr 2019 08:56:12 GMT" time="213.953" errors="0">
  <testcase name="LoginPageTest" time="3.988" classname="webstaff.TestCases.WebStaff_TCExecution"/>
  <testcase name="QCGroupselectAndLoginPage" time="3.139" classname="webstaff.TestCases.WebStaff_TCExecution"/>
  <testcase name="SingleRegFormVerification" time="0.490" classname="webstaff.TestCases.WebStaff_TCExecution"/>
  <testcase name="ChangeRegForm" time="4.828" classname="webstaff.TestCases.WebStaff_TCExecution"/>
  <testcase name="RegisterRecord" time="4.772" classname="webstaff.TestCases.WebStaff_TCExecution"/>
  <testcase name="LastRegIDTest" time="0.739" classname="webstaff.TestCases.WebStaff_TCExecution"/>
  <testcase name="ReOpenRegisteredRecord" time="4.866" classname="webstaff.TestCases.WebStaff_TCExecution"/>
  <testcase name="EnterGuestTest" time="0.601" classname="webstaff.TestCases.WebStaff_TCExecution"/>
  <testcase name="EnterGuestAndSave" time="1.091" classname="webstaff.TestCases.WebStaff_TCExecution"/>
  <testcase name="VerifyGuestLabel" time="0.205" classname="webstaff.TestCases.WebStaff_TCExecution"/>
  <testcase name="OpenShowItems" time="1.208" classname="webstaff.TestCases.WebStaff_TCExecution"/>
  <testcase name="SearchShowItem" time="2.286" classname="webstaff.TestCases.WebStaff_TCExecution"/>
  <testcase name="AddShowItemsToCart" time="0.999" classname="webstaff.TestCases.WebStaff_TCExecution"/>
  <testcase name="VerifyShowItemTab" time="0.423" classname="webstaff.TestCases.WebStaff_TCExecution"/>
  <testcase name="VerifyInCart" time="2.574" classname="webstaff.TestCases.WebStaff_TCExecution"/>
  <testcase name="OpenBadgeFields" time="0.791" classname="webstaff.TestCases.WebStaff_TCExecution"/>
  <testcase name="EnterBadgeFields" time="3.506" classname="webstaff.TestCases.WebStaff_TCExecution"/>
  <testcase name="OpenSpecailAccModal" time="0.310" classname="webstaff.TestCases.WebStaff_TCExecution"/>
  <testcase name="EnterSpecialAcc" time="1.602" classname="webstaff.TestCases.WebStaff_TCExecution"/>
  <testcase name="OpenNoteWindow" time="0.357" classname="webstaff.TestCases.WebStaff_TCExecution"/>
  <testcase name="EnterSpecailNotes" time="10.472" classname="webstaff.TestCases.WebStaff_TCExecution"/>
  <testcase name="OpenMoveToForm" time="0.310" classname="webstaff.TestCases.WebStaff_TCExecution"/>
  <testcase name="ChangeFlowToExhibitor" time="1.426" classname="webstaff.TestCases.WebStaff_TCExecution"/>
  <testcase name="UndoChanges" time="2.380" classname="webstaff.TestCases.WebStaff_TCExecution"/>
  <testcase name="RuleOverrides" time="2.775" classname="webstaff.TestCases.WebStaff_TCExecution"/>
  <testcase name="RuleOverrideSelect" time="7.130" classname="webstaff.TestCases.WebStaff_TCExecution"/>
  <testcase name="ResetLink" time="0.378" classname="webstaff.TestCases.WebStaff_TCExecution"/>
  <testcase name="CancelRecordWindow" time="0.375" classname="webstaff.TestCases.WebStaff_TCExecution"/>
  <testcase name="VerifyCancelledText" time="0.517" classname="webstaff.TestCases.WebStaff_TCExecution"/>
  <testcase name="UnCancelRecordPopupMsg" time="4.851" classname="webstaff.TestCases.WebStaff_TCExecution"/>
  <testcase name="UnCancelAndSave" time="10.409" classname="webstaff.TestCases.WebStaff_TCExecution"/>
  <testcase name="VerifyShowItemTabTest" time="0.215" classname="webstaff.TestCases.WebStaff_TCExecution"/>
  <testcase name="VerifyTransactionTab" time="0.213" classname="webstaff.TestCases.WebStaff_TCExecution"/>
  <testcase name="OpenPendsTab" time="0.216" classname="webstaff.TestCases.WebStaff_TCExecution"/>
  <testcase name="SelectPendTypeList" time="1.180" classname="webstaff.TestCases.WebStaff_TCExecution"/>
  <testcase name="VerifyPendResolved" time="3.333" classname="webstaff.TestCases.WebStaff_TCExecution"/>
  <testcase name="OpenConfirmationTab" time="0.211" classname="webstaff.TestCases.WebStaff_TCExecution"/>
  <testcase name="VerifyConfirmationPreviewWindow" time="1.715" classname="webstaff.TestCases.WebStaff_TCExecution"/>
  <testcase name="BookingMode" time="0.438" classname="webstaff.TestCases.WebStaff_TCExecution"/>
  <testcase name="AddNewPerson" time="0.167" classname="webstaff.TestCases.WebStaff_TCExecution"/>
  <testcase name="ClickCreateNewlink" time="9.450" classname="webstaff.TestCases.WebStaff_TCExecution"/>
  <testcase name="AddExistingPerson" time="0.453" classname="webstaff.TestCases.WebStaff_TCExecution"/>
  <testcase name="EnterAlreadyRegIdAndSearch" time="0.564" classname="webstaff.TestCases.WebStaff_TCExecution"/>
  <testcase name="SelectRegisteredReg" time="10.666" classname="webstaff.TestCases.WebStaff_TCExecution"/>
  <testcase name="VerifyRemoveRegistrant" time="0.564" classname="webstaff.TestCases.WebStaff_TCExecution"/>
  <testcase name="VerifySelectContactPerson" time="16.097" classname="webstaff.TestCases.WebStaff_TCExecution"/>
  <testcase name="VerifyPreviewConfirmation" time="0.849" classname="webstaff.TestCases.WebStaff_TCExecution"/>
  <testcase name="VerifySendEmail" time="1.128" classname="webstaff.TestCases.WebStaff_TCExecution"/>
  <testcase name="VerifyComments" time="0.575" classname="webstaff.TestCases.WebStaff_TCExecution"/>
  <testcase name="VerifyCommentTypeURGO" time="5.425" classname="webstaff.TestCases.WebStaff_TCExecution"/>
  <testcase name="VerifyCommentTypeURGA" time="7.163" classname="webstaff.TestCases.WebStaff_TCExecution"/>
  <testcase name="VerifyBothCommentTypeURGOnURGA" time="2.368" classname="webstaff.TestCases.WebStaff_TCExecution"/>
  <testcase name="VerifyContactTab" time="0.312" classname="webstaff.TestCases.WebStaff_TCExecution"/>
  <testcase name="EnterNewContact" time="5.120" classname="webstaff.TestCases.WebStaff_TCExecution"/>
  <testcase name="VerifyFindRoomsTab" time="0.516" classname="webstaff.TestCases.WebStaff_TCExecution"/>
  <testcase name="VerifyViewInventory" time="3.410" classname="webstaff.TestCases.WebStaff_TCExecution"/>
  <testcase name="VerifyFindRooms" time="0.789" classname="webstaff.TestCases.WebStaff_TCExecution"/>
  <testcase name="VerifyHoldRoom" time="1.729" classname="webstaff.TestCases.WebStaff_TCExecution"/>
  <testcase name="VerifyBookRoom" time="0.771" classname="webstaff.TestCases.WebStaff_TCExecution"/>
  <testcase name="VerifyAddOccupant" time="0.874" classname="webstaff.TestCases.WebStaff_TCExecution"/>
  <testcase name="EnterLeadOccdetails" time="7.501" classname="webstaff.TestCases.WebStaff_TCExecution"/>
  <testcase name="VerifyDeleteOcc" time="3.484" classname="webstaff.TestCases.WebStaff_TCExecution"/>
  <testcase name="VerifyExistingOcc" time="4.256" classname="webstaff.TestCases.WebStaff_TCExecution"/>
  <testcase name="VerifyChangeLead" time="4.292" classname="webstaff.TestCases.WebStaff_TCExecution"/>
  <testcase name="VerifyEditOccupant" time="3.988" classname="webstaff.TestCases.WebStaff_TCExecution"/>
  <testcase name="VerifyCancellationPolicy" time="2.403" classname="webstaff.TestCases.WebStaff_TCExecution"/>
  <testcase name="VerifyChangeDates" time="4.668" classname="webstaff.TestCases.WebStaff_TCExecution"/>
  <testcase name="VerifyChangeRoomspopup" time="0.352" classname="webstaff.TestCases.WebStaff_TCExecution"/>
  <testcase name="VerifyChangeRoom" time="2.173" classname="webstaff.TestCases.WebStaff_TCExecution"/>
  <testcase name="VerifyChangeRatesPopup" time="2.894" classname="webstaff.TestCases.WebStaff_TCExecution"/>
  <testcase name="VerifyChangeRate" time="2.579" classname="webstaff.TestCases.WebStaff_TCExecution"/>
  <testcase name="VerifyReleaseRoom" time="3.734" classname="webstaff.TestCases.WebStaff_TCExecution"/>
  <testcase name="VerifyHotelCONF" time="3.900" classname="webstaff.TestCases.WebStaff_TCExecution"/>
  <testcase name="VerifyDeposit" time="2.586" classname="webstaff.TestCases.WebStaff_TCExecution"/>
  <testcase name="VerifySpecialRequest" time="3.249" classname="webstaff.TestCases.WebStaff_TCExecution"/>
  <testcase name="verifyBillingComments" time="2.841" classname="webstaff.TestCases.WebStaff_TCExecution"/>
  <testcase name="verifyWebComments" time="2.744" classname="webstaff.TestCases.WebStaff_TCExecution"/>
</testsuite> <!-- webstaff.TestCases.WebStaff_TCExecution -->
