<?xml version="1.0" encoding="UTF-8"?>
<!-- Generated by org.testng.reporters.JUnitReportReporter -->
<testsuite skipped="105" hostname="KULANDASAMYC" name="webstaff.TestCases.WebStaff_TCExecution" tests="106" failures="0" timestamp="15 May 2019 11:10:10 GMT" time="71.633" errors="1">
  <testcase name="setup" time="71.633" classname="webstaff.TestCases.WebStaff_TCExecution">
    <error type="org.openqa.selenium.TimeoutException" message="timeout
  (Session info: chrome=74.0.3729.131)
  (Driver info: chromedriver=74.0.3729.6 (255758eccf3d244491b8a1317aa76e1ce10d57e9-refs/branch-heads/3729@{#29}),platform=Windows NT 6.1.7601 SP1 x86_64) (WARNING: The server did not provide any stacktrace information)
Command duration or timeout: 0 milliseconds
Build info: version: &#039;3.11.0&#039;, revision: &#039;e59cfb3&#039;, time: &#039;2018-03-11T20:26:55.152Z&#039;
System info: host: &#039;KULANDASAMYC&#039;, ip: &#039;172.17.9.18&#039;, os.name: &#039;Windows 7&#039;, os.arch: &#039;amd64&#039;, os.version: &#039;6.1&#039;, java.version: &#039;1.8.0_191&#039;
Driver info: org.openqa.selenium.chrome.ChromeDriver
Capabilities {acceptInsecureCerts: false, acceptSslCerts: false, applicationCacheEnabled: false, browserConnectionEnabled: false, browserName: chrome, chrome: {chromedriverVersion: 74.0.3729.6 (255758eccf3d24..., userDataDir: C:\Users\KULAND~1\AppData\L...}, cssSelectorsEnabled: true, databaseEnabled: false, goog:chromeOptions: {debuggerAddress: localhost:50846}, handlesAlerts: true, hasTouchScreen: false, javascriptEnabled: true, locationContextEnabled: true, mobileEmulationEnabled: false, nativeEvents: true, networkConnectionEnabled: false, pageLoadStrategy: normal, platform: XP, platformName: XP, proxy: Proxy(), rotatable: false, setWindowRect: true, strictFileInteractability: false, takesHeapSnapshot: true, takesScreenshot: true, timeouts: {implicit: 0, pageLoad: 300000, script: 30000}, unexpectedAlertBehaviour: ignore, unhandledPromptBehavior: ignore, version: 74.0.3729.131, webStorageEnabled: true}
Session ID: df1b2d48e0c9f3c4d53ef89d76996235">
      <![CDATA[org.openqa.selenium.TimeoutException: timeout
  (Session info: chrome=74.0.3729.131)
  (Driver info: chromedriver=74.0.3729.6 (255758eccf3d244491b8a1317aa76e1ce10d57e9-refs/branch-heads/3729@{#29}),platform=Windows NT 6.1.7601 SP1 x86_64) (WARNING: The server did not provide any stacktrace information)
Command duration or timeout: 0 milliseconds
Build info: version: '3.11.0', revision: 'e59cfb3', time: '2018-03-11T20:26:55.152Z'
System info: host: 'KULANDASAMYC', ip: '172.17.9.18', os.name: 'Windows 7', os.arch: 'amd64', os.version: '6.1', java.version: '1.8.0_191'
Driver info: org.openqa.selenium.chrome.ChromeDriver
Capabilities {acceptInsecureCerts: false, acceptSslCerts: false, applicationCacheEnabled: false, browserConnectionEnabled: false, browserName: chrome, chrome: {chromedriverVersion: 74.0.3729.6 (255758eccf3d24..., userDataDir: C:\Users\KULAND~1\AppData\L...}, cssSelectorsEnabled: true, databaseEnabled: false, goog:chromeOptions: {debuggerAddress: localhost:50846}, handlesAlerts: true, hasTouchScreen: false, javascriptEnabled: true, locationContextEnabled: true, mobileEmulationEnabled: false, nativeEvents: true, networkConnectionEnabled: false, pageLoadStrategy: normal, platform: XP, platformName: XP, proxy: Proxy(), rotatable: false, setWindowRect: true, strictFileInteractability: false, takesHeapSnapshot: true, takesScreenshot: true, timeouts: {implicit: 0, pageLoad: 300000, script: 30000}, unexpectedAlertBehaviour: ignore, unhandledPromptBehavior: ignore, version: 74.0.3729.131, webStorageEnabled: true}
Session ID: df1b2d48e0c9f3c4d53ef89d76996235
at sun.reflect.NativeConstructorAccessorImpl.newInstance0(Native Method)
at sun.reflect.NativeConstructorAccessorImpl.newInstance(NativeConstructorAccessorImpl.java:62)
at sun.reflect.DelegatingConstructorAccessorImpl.newInstance(DelegatingConstructorAccessorImpl.java:45)
at java.lang.reflect.Constructor.newInstance(Constructor.java:423)
at org.openqa.selenium.remote.ErrorHandler.createThrowable(ErrorHandler.java:214)
at org.openqa.selenium.remote.ErrorHandler.throwIfResponseFailed(ErrorHandler.java:166)
at org.openqa.selenium.remote.http.JsonHttpResponseCodec.reconstructValue(JsonHttpResponseCodec.java:40)
at org.openqa.selenium.remote.http.AbstractHttpResponseCodec.decode(AbstractHttpResponseCodec.java:80)
at org.openqa.selenium.remote.http.AbstractHttpResponseCodec.decode(AbstractHttpResponseCodec.java:44)
at org.openqa.selenium.remote.HttpCommandExecutor.execute(HttpCommandExecutor.java:158)
at org.openqa.selenium.remote.service.DriverCommandExecutor.execute(DriverCommandExecutor.java:83)
at org.openqa.selenium.remote.RemoteWebDriver.execute(RemoteWebDriver.java:545)
at org.openqa.selenium.remote.RemoteWebDriver.get(RemoteWebDriver.java:273)
at sun.reflect.NativeMethodAccessorImpl.invoke0(Native Method)
at sun.reflect.NativeMethodAccessorImpl.invoke(NativeMethodAccessorImpl.java:62)
at sun.reflect.DelegatingMethodAccessorImpl.invoke(DelegatingMethodAccessorImpl.java:43)
at java.lang.reflect.Method.invoke(Method.java:498)
at org.openqa.selenium.support.events.EventFiringWebDriver.lambda$new$1(EventFiringWebDriver.java:103)
at com.sun.proxy.$Proxy8.get(Unknown Source)
at org.openqa.selenium.support.events.EventFiringWebDriver.get(EventFiringWebDriver.java:161)
at webstaff.base.TestBase.initialization(TestBase.java:68)
at webstaff.TestCases.WebStaff_TCExecution.setup(WebStaff_TCExecution.java:61)
at sun.reflect.NativeMethodAccessorImpl.invoke0(Native Method)
at sun.reflect.NativeMethodAccessorImpl.invoke(NativeMethodAccessorImpl.java:62)
at sun.reflect.DelegatingMethodAccessorImpl.invoke(DelegatingMethodAccessorImpl.java:43)
at java.lang.reflect.Method.invoke(Method.java:498)
at org.testng.internal.MethodInvocationHelper.invokeMethod(MethodInvocationHelper.java:124)
at org.testng.internal.MethodInvocationHelper.invokeMethodConsideringTimeout(MethodInvocationHelper.java:59)
at org.testng.internal.Invoker.invokeConfigurationMethod(Invoker.java:455)
at org.testng.internal.Invoker.invokeConfigurations(Invoker.java:222)
at org.testng.internal.Invoker.invokeConfigurations(Invoker.java:142)
at org.testng.internal.TestMethodWorker.invokeBeforeClassMethods(TestMethodWorker.java:168)
at org.testng.internal.TestMethodWorker.run(TestMethodWorker.java:105)
at org.testng.TestRunner.privateRun(TestRunner.java:648)
at org.testng.TestRunner.run(TestRunner.java:505)
at org.testng.SuiteRunner.runTest(SuiteRunner.java:455)
at org.testng.SuiteRunner.runSequentially(SuiteRunner.java:450)
at org.testng.SuiteRunner.privateRun(SuiteRunner.java:415)
at org.testng.SuiteRunner.run(SuiteRunner.java:364)
at org.testng.SuiteRunnerWorker.runSuite(SuiteRunnerWorker.java:52)
at org.testng.SuiteRunnerWorker.run(SuiteRunnerWorker.java:84)
at org.testng.TestNG.runSuitesSequentially(TestNG.java:1208)
at org.testng.TestNG.runSuitesLocally(TestNG.java:1137)
at org.testng.TestNG.runSuites(TestNG.java:1049)
at org.testng.TestNG.run(TestNG.java:1017)
at org.testng.remote.AbstractRemoteTestNG.run(AbstractRemoteTestNG.java:114)
at org.testng.remote.RemoteTestNG.initAndRun(RemoteTestNG.java:251)
at org.testng.remote.RemoteTestNG.main(RemoteTestNG.java:77)
]]>
    </error>
  </testcase> <!-- setup -->
  <testcase name="LoginPageTest" time="0.000" classname="webstaff.TestCases.WebStaff_TCExecution">
    <skipped/>
  </testcase> <!-- LoginPageTest -->
  <testcase name="QCGroupselectAndLoginPage" time="0.000" classname="webstaff.TestCases.WebStaff_TCExecution">
    <skipped/>
  </testcase> <!-- QCGroupselectAndLoginPage -->
  <testcase name="SingleRegFormVerification" time="0.000" classname="webstaff.TestCases.WebStaff_TCExecution">
    <skipped/>
  </testcase> <!-- SingleRegFormVerification -->
  <testcase name="ChangeRegForm" time="0.000" classname="webstaff.TestCases.WebStaff_TCExecution">
    <skipped/>
  </testcase> <!-- ChangeRegForm -->
  <testcase name="RegisterRecord" time="0.000" classname="webstaff.TestCases.WebStaff_TCExecution">
    <skipped/>
  </testcase> <!-- RegisterRecord -->
  <testcase name="LastRegIDTest" time="0.000" classname="webstaff.TestCases.WebStaff_TCExecution">
    <skipped/>
  </testcase> <!-- LastRegIDTest -->
  <testcase name="ReOpenRegisteredRecord" time="0.000" classname="webstaff.TestCases.WebStaff_TCExecution">
    <skipped/>
  </testcase> <!-- ReOpenRegisteredRecord -->
  <testcase name="EnterGuestTest" time="0.000" classname="webstaff.TestCases.WebStaff_TCExecution">
    <skipped/>
  </testcase> <!-- EnterGuestTest -->
  <testcase name="EnterGuestAndSave" time="0.000" classname="webstaff.TestCases.WebStaff_TCExecution">
    <skipped/>
  </testcase> <!-- EnterGuestAndSave -->
  <testcase name="VerifyGuestLabel" time="0.000" classname="webstaff.TestCases.WebStaff_TCExecution">
    <skipped/>
  </testcase> <!-- VerifyGuestLabel -->
  <testcase name="OpenShowItems" time="0.000" classname="webstaff.TestCases.WebStaff_TCExecution">
    <skipped/>
  </testcase> <!-- OpenShowItems -->
  <testcase name="SearchShowItem" time="0.000" classname="webstaff.TestCases.WebStaff_TCExecution">
    <skipped/>
  </testcase> <!-- SearchShowItem -->
  <testcase name="AddShowItemsToCart" time="0.000" classname="webstaff.TestCases.WebStaff_TCExecution">
    <skipped/>
  </testcase> <!-- AddShowItemsToCart -->
  <testcase name="VerifyShowItemTab" time="0.000" classname="webstaff.TestCases.WebStaff_TCExecution">
    <skipped/>
  </testcase> <!-- VerifyShowItemTab -->
  <testcase name="VerifyInCart" time="0.000" classname="webstaff.TestCases.WebStaff_TCExecution">
    <skipped/>
  </testcase> <!-- VerifyInCart -->
  <testcase name="OpenBadgeFields" time="0.000" classname="webstaff.TestCases.WebStaff_TCExecution">
    <skipped/>
  </testcase> <!-- OpenBadgeFields -->
  <testcase name="EnterBadgeFields" time="0.000" classname="webstaff.TestCases.WebStaff_TCExecution">
    <skipped/>
  </testcase> <!-- EnterBadgeFields -->
  <testcase name="OpenSpecailAccModal" time="0.000" classname="webstaff.TestCases.WebStaff_TCExecution">
    <skipped/>
  </testcase> <!-- OpenSpecailAccModal -->
  <testcase name="EnterSpecialAcc" time="0.000" classname="webstaff.TestCases.WebStaff_TCExecution">
    <skipped/>
  </testcase> <!-- EnterSpecialAcc -->
  <testcase name="OpenNoteWindow" time="0.000" classname="webstaff.TestCases.WebStaff_TCExecution">
    <skipped/>
  </testcase> <!-- OpenNoteWindow -->
  <testcase name="EnterSpecailNotes" time="0.000" classname="webstaff.TestCases.WebStaff_TCExecution">
    <skipped/>
  </testcase> <!-- EnterSpecailNotes -->
  <testcase name="OpenMoveToForm" time="0.000" classname="webstaff.TestCases.WebStaff_TCExecution">
    <skipped/>
  </testcase> <!-- OpenMoveToForm -->
  <testcase name="ChangeFlowToExhibitor" time="0.000" classname="webstaff.TestCases.WebStaff_TCExecution">
    <skipped/>
  </testcase> <!-- ChangeFlowToExhibitor -->
  <testcase name="UndoChanges" time="0.000" classname="webstaff.TestCases.WebStaff_TCExecution">
    <skipped/>
  </testcase> <!-- UndoChanges -->
  <testcase name="RuleOverrides" time="0.000" classname="webstaff.TestCases.WebStaff_TCExecution">
    <skipped/>
  </testcase> <!-- RuleOverrides -->
  <testcase name="RuleOverrideSelect" time="0.000" classname="webstaff.TestCases.WebStaff_TCExecution">
    <skipped/>
  </testcase> <!-- RuleOverrideSelect -->
  <testcase name="ResetLink" time="0.000" classname="webstaff.TestCases.WebStaff_TCExecution">
    <skipped/>
  </testcase> <!-- ResetLink -->
  <testcase name="CancelRecordWindow" time="0.000" classname="webstaff.TestCases.WebStaff_TCExecution">
    <skipped/>
  </testcase> <!-- CancelRecordWindow -->
  <testcase name="VerifyCancelledText" time="0.000" classname="webstaff.TestCases.WebStaff_TCExecution">
    <skipped/>
  </testcase> <!-- VerifyCancelledText -->
  <testcase name="UnCancelRecordPopupMsg" time="0.000" classname="webstaff.TestCases.WebStaff_TCExecution">
    <skipped/>
  </testcase> <!-- UnCancelRecordPopupMsg -->
  <testcase name="UnCancelAndSave" time="0.000" classname="webstaff.TestCases.WebStaff_TCExecution">
    <skipped/>
  </testcase> <!-- UnCancelAndSave -->
  <testcase name="VerifyShowItemTabTest" time="0.000" classname="webstaff.TestCases.WebStaff_TCExecution">
    <skipped/>
  </testcase> <!-- VerifyShowItemTabTest -->
  <testcase name="VerifyTransactionTab" time="0.000" classname="webstaff.TestCases.WebStaff_TCExecution">
    <skipped/>
  </testcase> <!-- VerifyTransactionTab -->
  <testcase name="OpenPendsTab" time="0.000" classname="webstaff.TestCases.WebStaff_TCExecution">
    <skipped/>
  </testcase> <!-- OpenPendsTab -->
  <testcase name="SelectPendTypeList" time="0.000" classname="webstaff.TestCases.WebStaff_TCExecution">
    <skipped/>
  </testcase> <!-- SelectPendTypeList -->
  <testcase name="VerifyPendResolved" time="0.000" classname="webstaff.TestCases.WebStaff_TCExecution">
    <skipped/>
  </testcase> <!-- VerifyPendResolved -->
  <testcase name="OpenConfirmationTab" time="0.000" classname="webstaff.TestCases.WebStaff_TCExecution">
    <skipped/>
  </testcase> <!-- OpenConfirmationTab -->
  <testcase name="VerifyConfirmationPreviewWindow" time="0.000" classname="webstaff.TestCases.WebStaff_TCExecution">
    <skipped/>
  </testcase> <!-- VerifyConfirmationPreviewWindow -->
  <testcase name="BookingMode" time="0.000" classname="webstaff.TestCases.WebStaff_TCExecution">
    <skipped/>
  </testcase> <!-- BookingMode -->
  <testcase name="AddNewPerson" time="0.000" classname="webstaff.TestCases.WebStaff_TCExecution">
    <skipped/>
  </testcase> <!-- AddNewPerson -->
  <testcase name="ClickCreateNewlink" time="0.000" classname="webstaff.TestCases.WebStaff_TCExecution">
    <skipped/>
  </testcase> <!-- ClickCreateNewlink -->
  <testcase name="AddExistingPerson" time="0.000" classname="webstaff.TestCases.WebStaff_TCExecution">
    <skipped/>
  </testcase> <!-- AddExistingPerson -->
  <testcase name="EnterAlreadyRegIdAndSearch" time="0.000" classname="webstaff.TestCases.WebStaff_TCExecution">
    <skipped/>
  </testcase> <!-- EnterAlreadyRegIdAndSearch -->
  <testcase name="SelectRegisteredReg" time="0.000" classname="webstaff.TestCases.WebStaff_TCExecution">
    <skipped/>
  </testcase> <!-- SelectRegisteredReg -->
  <testcase name="VerifyRemoveRegistrant" time="0.000" classname="webstaff.TestCases.WebStaff_TCExecution">
    <skipped/>
  </testcase> <!-- VerifyRemoveRegistrant -->
  <testcase name="VerifySelectContactPerson" time="0.000" classname="webstaff.TestCases.WebStaff_TCExecution">
    <skipped/>
  </testcase> <!-- VerifySelectContactPerson -->
  <testcase name="VerifyPreviewConfirmation" time="0.000" classname="webstaff.TestCases.WebStaff_TCExecution">
    <skipped/>
  </testcase> <!-- VerifyPreviewConfirmation -->
  <testcase name="VerifySendEmail" time="0.000" classname="webstaff.TestCases.WebStaff_TCExecution">
    <skipped/>
  </testcase> <!-- VerifySendEmail -->
  <testcase name="VerifyComments" time="0.000" classname="webstaff.TestCases.WebStaff_TCExecution">
    <skipped/>
  </testcase> <!-- VerifyComments -->
  <testcase name="VerifyCommentTypeURGO" time="0.000" classname="webstaff.TestCases.WebStaff_TCExecution">
    <skipped/>
  </testcase> <!-- VerifyCommentTypeURGO -->
  <testcase name="VerifyCommentTypeURGA" time="0.000" classname="webstaff.TestCases.WebStaff_TCExecution">
    <skipped/>
  </testcase> <!-- VerifyCommentTypeURGA -->
  <testcase name="VerifyBothCommentTypeURGOnURGA" time="0.000" classname="webstaff.TestCases.WebStaff_TCExecution">
    <skipped/>
  </testcase> <!-- VerifyBothCommentTypeURGOnURGA -->
  <testcase name="VerifyContactTab" time="0.000" classname="webstaff.TestCases.WebStaff_TCExecution">
    <skipped/>
  </testcase> <!-- VerifyContactTab -->
  <testcase name="EnterNewContact" time="0.000" classname="webstaff.TestCases.WebStaff_TCExecution">
    <skipped/>
  </testcase> <!-- EnterNewContact -->
  <testcase name="VerifyFindRoomsTab" time="0.000" classname="webstaff.TestCases.WebStaff_TCExecution">
    <skipped/>
  </testcase> <!-- VerifyFindRoomsTab -->
  <testcase name="VerifyViewInventory" time="0.000" classname="webstaff.TestCases.WebStaff_TCExecution">
    <skipped/>
  </testcase> <!-- VerifyViewInventory -->
  <testcase name="VerifyFindRooms" time="0.000" classname="webstaff.TestCases.WebStaff_TCExecution">
    <skipped/>
  </testcase> <!-- VerifyFindRooms -->
  <testcase name="VerifyHoldRoom" time="0.000" classname="webstaff.TestCases.WebStaff_TCExecution">
    <skipped/>
  </testcase> <!-- VerifyHoldRoom -->
  <testcase name="VerifyBookRoom" time="0.000" classname="webstaff.TestCases.WebStaff_TCExecution">
    <skipped/>
  </testcase> <!-- VerifyBookRoom -->
  <testcase name="VerifyAddOccupant" time="0.000" classname="webstaff.TestCases.WebStaff_TCExecution">
    <skipped/>
  </testcase> <!-- VerifyAddOccupant -->
  <testcase name="EnterLeadOccdetails" time="0.000" classname="webstaff.TestCases.WebStaff_TCExecution">
    <skipped/>
  </testcase> <!-- EnterLeadOccdetails -->
  <testcase name="VerifyDeleteOcc" time="0.000" classname="webstaff.TestCases.WebStaff_TCExecution">
    <skipped/>
  </testcase> <!-- VerifyDeleteOcc -->
  <testcase name="VerifyExistingOcc" time="0.000" classname="webstaff.TestCases.WebStaff_TCExecution">
    <skipped/>
  </testcase> <!-- VerifyExistingOcc -->
  <testcase name="VerifyChangeLead" time="0.000" classname="webstaff.TestCases.WebStaff_TCExecution">
    <skipped/>
  </testcase> <!-- VerifyChangeLead -->
  <testcase name="VerifyEditOccupant" time="0.000" classname="webstaff.TestCases.WebStaff_TCExecution">
    <skipped/>
  </testcase> <!-- VerifyEditOccupant -->
  <testcase name="VerifyCancellationPolicy" time="0.000" classname="webstaff.TestCases.WebStaff_TCExecution">
    <skipped/>
  </testcase> <!-- VerifyCancellationPolicy -->
  <testcase name="VerifyChangeDates" time="0.000" classname="webstaff.TestCases.WebStaff_TCExecution">
    <skipped/>
  </testcase> <!-- VerifyChangeDates -->
  <testcase name="VerifyChangeRoomspopup" time="0.000" classname="webstaff.TestCases.WebStaff_TCExecution">
    <skipped/>
  </testcase> <!-- VerifyChangeRoomspopup -->
  <testcase name="VerifyChangeRoom" time="0.000" classname="webstaff.TestCases.WebStaff_TCExecution">
    <skipped/>
  </testcase> <!-- VerifyChangeRoom -->
  <testcase name="VerifyChangeRatesPopup" time="0.000" classname="webstaff.TestCases.WebStaff_TCExecution">
    <skipped/>
  </testcase> <!-- VerifyChangeRatesPopup -->
  <testcase name="VerifyChangeRate" time="0.000" classname="webstaff.TestCases.WebStaff_TCExecution">
    <skipped/>
  </testcase> <!-- VerifyChangeRate -->
  <testcase name="VerifyReleaseRoom" time="0.000" classname="webstaff.TestCases.WebStaff_TCExecution">
    <skipped/>
  </testcase> <!-- VerifyReleaseRoom -->
  <testcase name="VerifyHotelCONF" time="0.000" classname="webstaff.TestCases.WebStaff_TCExecution">
    <skipped/>
  </testcase> <!-- VerifyHotelCONF -->
  <testcase name="VerifyDeposit" time="0.000" classname="webstaff.TestCases.WebStaff_TCExecution">
    <skipped/>
  </testcase> <!-- VerifyDeposit -->
  <testcase name="VerifySpecialRequest" time="0.000" classname="webstaff.TestCases.WebStaff_TCExecution">
    <skipped/>
  </testcase> <!-- VerifySpecialRequest -->
  <testcase name="verifyBillingComments" time="0.000" classname="webstaff.TestCases.WebStaff_TCExecution">
    <skipped/>
  </testcase> <!-- verifyBillingComments -->
  <testcase name="verifyWebComments" time="0.000" classname="webstaff.TestCases.WebStaff_TCExecution">
    <skipped/>
  </testcase> <!-- verifyWebComments -->
  <testcase name="verifyPaymentTab" time="0.000" classname="webstaff.TestCases.WebStaff_TCExecution">
    <skipped/>
  </testcase> <!-- verifyPaymentTab -->
  <testcase name="verifyAllHousing" time="0.000" classname="webstaff.TestCases.WebStaff_TCExecution">
    <skipped/>
  </testcase> <!-- verifyAllHousing -->
  <testcase name="verifyMakePayment" time="0.000" classname="webstaff.TestCases.WebStaff_TCExecution">
    <skipped/>
  </testcase> <!-- verifyMakePayment -->
  <testcase name="verifyAddPayment" time="0.000" classname="webstaff.TestCases.WebStaff_TCExecution">
    <skipped/>
  </testcase> <!-- verifyAddPayment -->
  <testcase name="verifyEnterPaymentDetails" time="0.000" classname="webstaff.TestCases.WebStaff_TCExecution">
    <skipped/>
  </testcase> <!-- verifyEnterPaymentDetails -->
  <testcase name="verifyContinueButt" time="0.000" classname="webstaff.TestCases.WebStaff_TCExecution">
    <skipped/>
  </testcase> <!-- verifyContinueButt -->
  <testcase name="verifySelectRegLink" time="0.000" classname="webstaff.TestCases.WebStaff_TCExecution">
    <skipped/>
  </testcase> <!-- verifySelectRegLink -->
  <testcase name="verifyRegAddPayment" time="0.000" classname="webstaff.TestCases.WebStaff_TCExecution">
    <skipped/>
  </testcase> <!-- verifyRegAddPayment -->
  <testcase name="verifyRegPaymentdetails" time="0.000" classname="webstaff.TestCases.WebStaff_TCExecution">
    <skipped/>
  </testcase> <!-- verifyRegPaymentdetails -->
  <testcase name="verifyHistoryTab" time="0.000" classname="webstaff.TestCases.WebStaff_TCExecution">
    <skipped/>
  </testcase> <!-- verifyHistoryTab -->
  <testcase name="verifyConfirmation" time="0.000" classname="webstaff.TestCases.WebStaff_TCExecution">
    <skipped/>
  </testcase> <!-- verifyConfirmation -->
  <testcase name="verifyReservation" time="0.000" classname="webstaff.TestCases.WebStaff_TCExecution">
    <skipped/>
  </testcase> <!-- verifyReservation -->
  <testcase name="verifyRegistrant" time="0.000" classname="webstaff.TestCases.WebStaff_TCExecution">
    <skipped/>
  </testcase> <!-- verifyRegistrant -->
  <testcase name="verifyGroupAssignment" time="0.000" classname="webstaff.TestCases.WebStaff_TCExecution">
    <skipped/>
  </testcase> <!-- verifyGroupAssignment -->
  <testcase name="VerifySearchandSelectRegGrp" time="0.000" classname="webstaff.TestCases.WebStaff_TCExecution">
    <skipped/>
  </testcase> <!-- VerifySearchandSelectRegGrp -->
  <testcase name="verifyRemoveRegGrp" time="0.000" classname="webstaff.TestCases.WebStaff_TCExecution">
    <skipped/>
  </testcase> <!-- verifyRemoveRegGrp -->
  <testcase name="verifyExitAndConfirmationWindow" time="0.000" classname="webstaff.TestCases.WebStaff_TCExecution">
    <skipped/>
  </testcase> <!-- verifyExitAndConfirmationWindow -->
  <testcase name="verifySearchReturn" time="0.000" classname="webstaff.TestCases.WebStaff_TCExecution">
    <skipped/>
  </testcase> <!-- verifySearchReturn -->
  <testcase name="verifySearchPage" time="0.000" classname="webstaff.TestCases.WebStaff_TCExecution">
    <skipped/>
  </testcase> <!-- verifySearchPage -->
  <testcase name="verifyExhibitorSearch" time="0.000" classname="webstaff.TestCases.WebStaff_TCExecution">
    <skipped/>
  </testcase> <!-- verifyExhibitorSearch -->
  <testcase name="verifyEnterExhibitorSearch" time="0.000" classname="webstaff.TestCases.WebStaff_TCExecution">
    <skipped/>
  </testcase> <!-- verifyEnterExhibitorSearch -->
  <testcase name="verifyAttendeeSearch" time="0.000" classname="webstaff.TestCases.WebStaff_TCExecution">
    <skipped/>
  </testcase> <!-- verifyAttendeeSearch -->
  <testcase name="verifyEnterAttendeeGrp" time="0.000" classname="webstaff.TestCases.WebStaff_TCExecution">
    <skipped/>
  </testcase> <!-- verifyEnterAttendeeGrp -->
  <testcase name="verifyGlobalConfigpage" time="0.000" classname="webstaff.TestCases.WebStaff_TCExecution">
    <skipped/>
  </testcase> <!-- verifyGlobalConfigpage -->
  <testcase name="verifyGlobalSettings" time="0.000" classname="webstaff.TestCases.WebStaff_TCExecution">
    <skipped/>
  </testcase> <!-- verifyGlobalSettings -->
  <testcase name="verifyWorkstationPage" time="0.000" classname="webstaff.TestCases.WebStaff_TCExecution">
    <skipped/>
  </testcase> <!-- verifyWorkstationPage -->
  <testcase name="verifyWorkstation" time="0.000" classname="webstaff.TestCases.WebStaff_TCExecution">
    <skipped/>
  </testcase> <!-- verifyWorkstation -->
  <testcase name="verifyLogOut" time="0.000" classname="webstaff.TestCases.WebStaff_TCExecution">
    <skipped/>
  </testcase> <!-- verifyLogOut -->
</testsuite> <!-- webstaff.TestCases.WebStaff_TCExecution -->
