<?xml version="1.0" encoding="UTF-8"?>
<!-- Generated by org.testng.reporters.JUnitReportReporter -->
<testsuite skipped="0" hostname="KULANDASAMYC" name="webstaff.TestCases.WebStaff_TCExecution" tests="2" failures="0" timestamp="22 Feb 2019 09:18:08 GMT" time="6.348" errors="0">
  <testcase name="LoginPageTest" time="5.663" classname="webstaff.TestCases.WebStaff_TCExecution"/>
  <testcase name="QCGroupselectAndLoginPage" time="0.685" classname="webstaff.TestCases.WebStaff_TCExecution"/>
</testsuite> <!-- webstaff.TestCases.WebStaff_TCExecution -->
