<?xml version="1.0" encoding="UTF-8"?>
<!-- Generated by org.testng.reporters.JUnitReportReporter -->
<testsuite skipped="0" hostname="KULANDASAMYC" name="webstaff.TestCases.WebStaff_TCExecution" tests="105" failures="0" timestamp="23 May 2019 11:03:33 GMT" time="333.825" errors="0">
  <testcase name="LoginPageTest" time="6.850" classname="webstaff.TestCases.WebStaff_TCExecution"/>
  <testcase name="QCGroupselectAndLoginPage" time="2.697" classname="webstaff.TestCases.WebStaff_TCExecution"/>
  <testcase name="VerifySingleRegForm" time="0.484" classname="webstaff.TestCases.WebStaff_TCExecution"/>
  <testcase name="VerifyChangeRegForm" time="7.164" classname="webstaff.TestCases.WebStaff_TCExecution"/>
  <testcase name="VerifyRegisterRecord" time="4.083" classname="webstaff.TestCases.WebStaff_TCExecution"/>
  <testcase name="VerifyLastRegIDTest" time="0.620" classname="webstaff.TestCases.WebStaff_TCExecution"/>
  <testcase name="VerifyReOpenRegisteredRecord" time="4.644" classname="webstaff.TestCases.WebStaff_TCExecution"/>
  <testcase name="EnterGuestTest" time="0.659" classname="webstaff.TestCases.WebStaff_TCExecution"/>
  <testcase name="VerifyEnterGuestAndSave" time="0.861" classname="webstaff.TestCases.WebStaff_TCExecution"/>
  <testcase name="VerifyGuestLabel" time="0.193" classname="webstaff.TestCases.WebStaff_TCExecution"/>
  <testcase name="VerifyOpenShowItems" time="0.885" classname="webstaff.TestCases.WebStaff_TCExecution"/>
  <testcase name="VerifySearchShowItem" time="2.364" classname="webstaff.TestCases.WebStaff_TCExecution"/>
  <testcase name="VerifyAddShowItemsToCart" time="0.865" classname="webstaff.TestCases.WebStaff_TCExecution"/>
  <testcase name="VerifyShowItemTab" time="0.365" classname="webstaff.TestCases.WebStaff_TCExecution"/>
  <testcase name="VerifyInCart" time="2.439" classname="webstaff.TestCases.WebStaff_TCExecution"/>
  <testcase name="VerifyOpenBadgeFields" time="0.839" classname="webstaff.TestCases.WebStaff_TCExecution"/>
  <testcase name="VerifyEnterBadgeFields" time="3.152" classname="webstaff.TestCases.WebStaff_TCExecution"/>
  <testcase name="VerifyOpenSpecailAccModal" time="0.327" classname="webstaff.TestCases.WebStaff_TCExecution"/>
  <testcase name="VerifyvEnterSpecialAcc" time="1.296" classname="webstaff.TestCases.WebStaff_TCExecution"/>
  <testcase name="VerifyOpenNoteWindow" time="0.438" classname="webstaff.TestCases.WebStaff_TCExecution"/>
  <testcase name="VerifyEnterSpecailNotes" time="10.411" classname="webstaff.TestCases.WebStaff_TCExecution"/>
  <testcase name="VerifyOpenMoveToForm" time="0.356" classname="webstaff.TestCases.WebStaff_TCExecution"/>
  <testcase name="VerifyChangeFlowToExhibitor" time="1.383" classname="webstaff.TestCases.WebStaff_TCExecution"/>
  <testcase name="VerifyUndoChanges" time="2.457" classname="webstaff.TestCases.WebStaff_TCExecution"/>
  <testcase name="VerifyRuleOverrides" time="2.780" classname="webstaff.TestCases.WebStaff_TCExecution"/>
  <testcase name="RuleOverrideSelect" time="7.075" classname="webstaff.TestCases.WebStaff_TCExecution"/>
  <testcase name="verifyResetLink" time="0.328" classname="webstaff.TestCases.WebStaff_TCExecution"/>
  <testcase name="verifyCancelRecordWindow" time="0.314" classname="webstaff.TestCases.WebStaff_TCExecution"/>
  <testcase name="VerifyCancelledText" time="0.487" classname="webstaff.TestCases.WebStaff_TCExecution"/>
  <testcase name="VerifyUnCancelRecordPopupMsg" time="4.614" classname="webstaff.TestCases.WebStaff_TCExecution"/>
  <testcase name="VerifyUnCancelAndSave" time="10.782" classname="webstaff.TestCases.WebStaff_TCExecution"/>
  <testcase name="VerifyShowItemTabTest" time="0.203" classname="webstaff.TestCases.WebStaff_TCExecution"/>
  <testcase name="VerifyTransactionTab" time="0.194" classname="webstaff.TestCases.WebStaff_TCExecution"/>
  <testcase name="OpenPendsTab" time="0.219" classname="webstaff.TestCases.WebStaff_TCExecution"/>
  <testcase name="SelectPendTypeList" time="1.066" classname="webstaff.TestCases.WebStaff_TCExecution"/>
  <testcase name="VerifyPendResolved" time="3.186" classname="webstaff.TestCases.WebStaff_TCExecution"/>
  <testcase name="OpenConfirmationTab" time="0.181" classname="webstaff.TestCases.WebStaff_TCExecution"/>
  <testcase name="VerifyConfirmationPreviewWindow" time="1.674" classname="webstaff.TestCases.WebStaff_TCExecution"/>
  <testcase name="BookingMode" time="0.392" classname="webstaff.TestCases.WebStaff_TCExecution"/>
  <testcase name="AddNewPerson" time="0.409" classname="webstaff.TestCases.WebStaff_TCExecution"/>
  <testcase name="ClickCreateNewlink" time="8.714" classname="webstaff.TestCases.WebStaff_TCExecution"/>
  <testcase name="AddExistingPerson" time="0.474" classname="webstaff.TestCases.WebStaff_TCExecution"/>
  <testcase name="EnterAlreadyRegIdAndSearch" time="0.486" classname="webstaff.TestCases.WebStaff_TCExecution"/>
  <testcase name="SelectRegisteredReg" time="11.120" classname="webstaff.TestCases.WebStaff_TCExecution"/>
  <testcase name="VerifyRemoveRegistrant" time="0.498" classname="webstaff.TestCases.WebStaff_TCExecution"/>
  <testcase name="VerifySelectContactPerson" time="15.747" classname="webstaff.TestCases.WebStaff_TCExecution"/>
  <testcase name="VerifyPreviewConfirmation" time="0.889" classname="webstaff.TestCases.WebStaff_TCExecution"/>
  <testcase name="VerifySendEmail" time="1.140" classname="webstaff.TestCases.WebStaff_TCExecution"/>
  <testcase name="VerifyComments" time="0.535" classname="webstaff.TestCases.WebStaff_TCExecution"/>
  <testcase name="VerifyCommentTypeURGO" time="5.557" classname="webstaff.TestCases.WebStaff_TCExecution"/>
  <testcase name="VerifyCommentTypeURGA" time="7.002" classname="webstaff.TestCases.WebStaff_TCExecution"/>
  <testcase name="VerifyBothCommentTypeURGOnURGA" time="2.365" classname="webstaff.TestCases.WebStaff_TCExecution"/>
  <testcase name="VerifyContactTab" time="0.380" classname="webstaff.TestCases.WebStaff_TCExecution"/>
  <testcase name="EnterNewContact" time="6.083" classname="webstaff.TestCases.WebStaff_TCExecution"/>
  <testcase name="VerifyFindRoomsTab" time="0.482" classname="webstaff.TestCases.WebStaff_TCExecution"/>
  <testcase name="VerifyViewInventory" time="3.621" classname="webstaff.TestCases.WebStaff_TCExecution"/>
  <testcase name="VerifyFindRooms" time="0.323" classname="webstaff.TestCases.WebStaff_TCExecution"/>
  <testcase name="VerifyHoldRoom" time="1.265" classname="webstaff.TestCases.WebStaff_TCExecution"/>
  <testcase name="VerifyBookRoom" time="0.590" classname="webstaff.TestCases.WebStaff_TCExecution"/>
  <testcase name="VerifyAddOccupant" time="1.539" classname="webstaff.TestCases.WebStaff_TCExecution"/>
  <testcase name="EnterLeadOccdetails" time="7.133" classname="webstaff.TestCases.WebStaff_TCExecution"/>
  <testcase name="VerifyDeleteOcc" time="3.856" classname="webstaff.TestCases.WebStaff_TCExecution"/>
  <testcase name="VerifyExistingOcc" time="5.809" classname="webstaff.TestCases.WebStaff_TCExecution"/>
  <testcase name="VerifyChangeLead" time="4.423" classname="webstaff.TestCases.WebStaff_TCExecution"/>
  <testcase name="VerifyEditOccupant" time="3.069" classname="webstaff.TestCases.WebStaff_TCExecution"/>
  <testcase name="VerifyCancellationPolicy" time="2.518" classname="webstaff.TestCases.WebStaff_TCExecution"/>
  <testcase name="VerifyChangeDates" time="4.944" classname="webstaff.TestCases.WebStaff_TCExecution"/>
  <testcase name="VerifyChangeRoomspopup" time="0.365" classname="webstaff.TestCases.WebStaff_TCExecution"/>
  <testcase name="VerifyChangeRoom" time="2.211" classname="webstaff.TestCases.WebStaff_TCExecution"/>
  <testcase name="VerifyChangeRatesPopup" time="2.746" classname="webstaff.TestCases.WebStaff_TCExecution"/>
  <testcase name="VerifyChangeRate" time="2.896" classname="webstaff.TestCases.WebStaff_TCExecution"/>
  <testcase name="VerifyReleaseRoom" time="3.602" classname="webstaff.TestCases.WebStaff_TCExecution"/>
  <testcase name="VerifyHotelCONF" time="4.268" classname="webstaff.TestCases.WebStaff_TCExecution"/>
  <testcase name="VerifyDeposit" time="2.570" classname="webstaff.TestCases.WebStaff_TCExecution"/>
  <testcase name="VerifySpecialRequest" time="3.904" classname="webstaff.TestCases.WebStaff_TCExecution"/>
  <testcase name="verifyBillingComments" time="3.122" classname="webstaff.TestCases.WebStaff_TCExecution"/>
  <testcase name="verifyWebComments" time="2.703" classname="webstaff.TestCases.WebStaff_TCExecution"/>
  <testcase name="verifyPaymentTab" time="0.278" classname="webstaff.TestCases.WebStaff_TCExecution"/>
  <testcase name="verifyAllHousing" time="2.685" classname="webstaff.TestCases.WebStaff_TCExecution"/>
  <testcase name="verifyMakePayment" time="0.523" classname="webstaff.TestCases.WebStaff_TCExecution"/>
  <testcase name="verifyAddPayment" time="1.298" classname="webstaff.TestCases.WebStaff_TCExecution"/>
  <testcase name="verifyEnterPaymentDetails" time="9.937" classname="webstaff.TestCases.WebStaff_TCExecution"/>
  <testcase name="verifyContinueButt" time="1.852" classname="webstaff.TestCases.WebStaff_TCExecution"/>
  <testcase name="verifySelectRegLink" time="2.272" classname="webstaff.TestCases.WebStaff_TCExecution"/>
  <testcase name="verifyRegAddPayment" time="1.314" classname="webstaff.TestCases.WebStaff_TCExecution"/>
  <testcase name="verifyRegPaymentdetails" time="12.404" classname="webstaff.TestCases.WebStaff_TCExecution"/>
  <testcase name="verifyHistoryTab" time="0.231" classname="webstaff.TestCases.WebStaff_TCExecution"/>
  <testcase name="verifyConfirmation" time="3.389" classname="webstaff.TestCases.WebStaff_TCExecution"/>
  <testcase name="verifyReservation" time="3.825" classname="webstaff.TestCases.WebStaff_TCExecution"/>
  <testcase name="verifyRegistrant" time="3.507" classname="webstaff.TestCases.WebStaff_TCExecution"/>
  <testcase name="verifyGroupAssignment" time="0.820" classname="webstaff.TestCases.WebStaff_TCExecution"/>
  <testcase name="VerifySearchandSelectRegGrp" time="0.736" classname="webstaff.TestCases.WebStaff_TCExecution"/>
  <testcase name="verifyRemoveRegGrp" time="62.553" classname="webstaff.TestCases.WebStaff_TCExecution"/>
  <testcase name="verifyExitAndConfirmationWindow" time="2.218" classname="webstaff.TestCases.WebStaff_TCExecution"/>
  <testcase name="verifySearchReturn" time="0.435" classname="webstaff.TestCases.WebStaff_TCExecution"/>
  <testcase name="verifySearchPage" time="0.459" classname="webstaff.TestCases.WebStaff_TCExecution"/>
  <testcase name="verifyExhibitorSearch" time="0.248" classname="webstaff.TestCases.WebStaff_TCExecution"/>
  <testcase name="verifyEnterExhibitorSearch" time="0.413" classname="webstaff.TestCases.WebStaff_TCExecution"/>
  <testcase name="verifyAttendeeSearch" time="0.304" classname="webstaff.TestCases.WebStaff_TCExecution"/>
  <testcase name="verifyEnterAttendeeGrp" time="0.614" classname="webstaff.TestCases.WebStaff_TCExecution"/>
  <testcase name="verifyGlobalConfigpage" time="0.324" classname="webstaff.TestCases.WebStaff_TCExecution"/>
  <testcase name="verifyGlobalSettings" time="0.629" classname="webstaff.TestCases.WebStaff_TCExecution"/>
  <testcase name="verifyWorkstationPage" time="0.360" classname="webstaff.TestCases.WebStaff_TCExecution"/>
  <testcase name="verifyWorkstation" time="0.852" classname="webstaff.TestCases.WebStaff_TCExecution"/>
  <testcase name="verifyLogOut" time="0.660" classname="webstaff.TestCases.WebStaff_TCExecution"/>
</testsuite> <!-- webstaff.TestCases.WebStaff_TCExecution -->
