<?xml version="1.0" encoding="UTF-8"?>
<!-- Generated by org.testng.reporters.JUnitReportReporter -->
<testsuite skipped="0" hostname="KULANDASAMYC" name="webstaff.TestCases.WebStaff_TCExecution" tests="20" failures="0" timestamp="04 Apr 2019 13:22:14 GMT" time="70.512" errors="0">
  <testcase name="LoginPageTest" time="3.730" classname="webstaff.TestCases.WebStaff_TCExecution"/>
  <testcase name="QCGroupselectAndLoginPage" time="0.767" classname="webstaff.TestCases.WebStaff_TCExecution"/>
  <testcase name="SingleRegFormVerification" time="0.485" classname="webstaff.TestCases.WebStaff_TCExecution"/>
  <testcase name="ChangeRegForm" time="5.397" classname="webstaff.TestCases.WebStaff_TCExecution"/>
  <testcase name="RegisterRecord" time="4.866" classname="webstaff.TestCases.WebStaff_TCExecution"/>
  <testcase name="LastRegIDTest" time="0.670" classname="webstaff.TestCases.WebStaff_TCExecution"/>
  <testcase name="BookingMode" time="0.717" classname="webstaff.TestCases.WebStaff_TCExecution"/>
  <testcase name="AddNewPerson" time="0.123" classname="webstaff.TestCases.WebStaff_TCExecution"/>
  <testcase name="ClickCreateNewlink" time="9.947" classname="webstaff.TestCases.WebStaff_TCExecution"/>
  <testcase name="AddExistingPerson" time="0.433" classname="webstaff.TestCases.WebStaff_TCExecution"/>
  <testcase name="EnterAlreadyRegIdAndSearch" time="0.568" classname="webstaff.TestCases.WebStaff_TCExecution"/>
  <testcase name="SelectRegisteredReg" time="10.534" classname="webstaff.TestCases.WebStaff_TCExecution"/>
  <testcase name="VerifyRemoveRegistrant" time="0.493" classname="webstaff.TestCases.WebStaff_TCExecution"/>
  <testcase name="VerifySelectContactPerson" time="15.624" classname="webstaff.TestCases.WebStaff_TCExecution"/>
  <testcase name="VerifyPreviewConfirmation" time="0.934" classname="webstaff.TestCases.WebStaff_TCExecution"/>
  <testcase name="VerifySendEmail" time="1.773" classname="webstaff.TestCases.WebStaff_TCExecution"/>
  <testcase name="VerifyComments" time="0.307" classname="webstaff.TestCases.WebStaff_TCExecution"/>
  <testcase name="VerifyCommentTypeURGO" time="5.633" classname="webstaff.TestCases.WebStaff_TCExecution"/>
  <testcase name="VerifyCommentTypeURGA" time="7.167" classname="webstaff.TestCases.WebStaff_TCExecution"/>
  <testcase name="VerifyBothCommentTypeURGOnURGA" time="0.344" classname="webstaff.TestCases.WebStaff_TCExecution"/>
</testsuite> <!-- webstaff.TestCases.WebStaff_TCExecution -->
